Processed  in 318 secondsProcessed  in 1382 seconds15:29:18:	Starting to process files in the ./AlleleFreqs/ directory
Processed  in 127 seconds15:33:44:	Starting to process files in the /home/user/2020/BashScripts/PopGen/AlleleFreqs directory
15:47:50:	Starting to process files in the ./AlleleFreqs directory
Formatted filename: ACB_chr10
Processed ACB_chr10 in 263 secondsFormatted filename: ACB_chr11
Processed ACB_chr11 in 265 secondsFormatted filename: ACB_chr12
Processed ACB_chr12 in 237 secondsFormatted filename: ACB_chr13
Processed ACB_chr13 in 165 secondsFormatted filename: ACB_chr14
Processed ACB_chr14 in 202 secondsFormatted filename: ACB_chr15
Processed ACB_chr15 in 182 secondsFormatted filename: ACB_chr16
Processed ACB_chr16 in 244 secondsFormatted filename: ACB_chr17
Processed ACB_chr17 in 161 secondsFormatted filename: ACB_chr18
Processed ACB_chr18 in 166 secondsFormatted filename: ACB_chr19
Processed ACB_chr19 in 129 secondsFormatted filename: ACB_chr1
Processed ACB_chr1 in 309 secondsFormatted filename: ACB_chr20
Processed ACB_chr20 in 135 secondsFormatted filename: ACB_chr21
Processed ACB_chr21 in 102 secondsFormatted filename: ACB_chr22
Processed ACB_chr22 in 102 secondsFormatted filename: ACB_chr2
Processed ACB_chr2 in 378 secondsFormatted filename: ACB_chr3
Processed ACB_chr3 in 372 secondsFormatted filename: ACB_chr4
Processed ACB_chr4 in 283 secondsFormatted filename: ACB_chr5
Processed ACB_chr5 in 260 secondsFormatted filename: ACB_chr6
Processed ACB_chr6 in 285 secondsFormatted filename: ACB_chr7
Processed ACB_chr7 in 369 secondsFormatted filename: ACB_chr8
Processed ACB_chr8 in 80 secondsFormatted filename: ACB_chr9
Processed ACB_chr9 in 205 secondsFormatted filename: ASW_chr10
Processed ASW_chr10 in 315 secondsFormatted filename: ASW_chr11
Processed ASW_chr11 in 293 secondsFormatted filename: ASW_chr12
Processed ASW_chr12 in 272 seconds18:17:58:	Starting to process files in the ./AlleleFreqs directory
Formatted filename: ACB_chr10
18:21:28:	Starting to process files in the ./AlleleFreqs directory
Formatted filename: ACB_chr10
Processed ACB_chr10 in 271 secondsFormatted filename: ACB_chr11
Processed ACB_chr11 in 262 secondsFormatted filename: ACB_chr12
Processed ACB_chr12 in 92 secondsFormatted filename: ACB_chr13
18:32:42:	Starting to process files in the ./AlleleFreqs directory
Formatted filename: ACB_chr10
Processed ACB_chr10 in 270 secondsFormatted filename: ACB_chr11
Processed ACB_chr11 in 258 secondsFormatted filename: ACB_chr12
Processed ACB_chr12 in 224 secondsFormatted filename: ACB_chr13
Processed ACB_chr13 in 172 secondsFormatted filename: ACB_chr14
Processed ACB_chr14 in 210 secondsFormatted filename: ACB_chr15
Processed ACB_chr15 in 176 secondsFormatted filename: ACB_chr16
Processed ACB_chr16 in 242 secondsFormatted filename: ACB_chr17
Processed ACB_chr17 in 170 secondsFormatted filename: ACB_chr18
Processed ACB_chr18 in 165 secondsFormatted filename: ACB_chr19
Processed ACB_chr19 in 129 secondsFormatted filename: ACB_chr1
Processed ACB_chr1 in 356 secondsFormatted filename: ACB_chr20
Processed ACB_chr20 in 174 secondsFormatted filename: ACB_chr21
Processed ACB_chr21 in 121 secondsFormatted filename: ACB_chr22
Processed ACB_chr22 in 121 secondsFormatted filename: ACB_chr2
Processed ACB_chr2 in 439 secondsFormatted filename: ACB_chr3
Processed ACB_chr3 in 465 secondsFormatted filename: ACB_chr4
Processed ACB_chr4 in 337 secondsFormatted filename: ACB_chr5
Processed ACB_chr5 in 328 secondsFormatted filename: ACB_chr6
Processed ACB_chr6 in 328 secondsFormatted filename: ACB_chr7
Processed ACB_chr7 in 361 secondsFormatted filename: ACB_chr8
Processed ACB_chr8 in 75 secondsFormatted filename: ACB_chr9
Processed ACB_chr9 in 187 secondsFormatted filename: ASW_chr10
Processed ASW_chr10 in 294 secondsFormatted filename: ASW_chr11
Processed ASW_chr11 in 267 secondsFormatted filename: ASW_chr12
Processed ASW_chr12 in 256 secondsFormatted filename: ASW_chr13
Processed ASW_chr13 in 171 secondsFormatted filename: ASW_chr14
Processed ASW_chr14 in 223 secondsFormatted filename: ASW_chr15
Processed ASW_chr15 in 190 secondsFormatted filename: ASW_chr16
Processed ASW_chr16 in 263 secondsFormatted filename: ASW_chr17
Processed ASW_chr17 in 185 secondsFormatted filename: ASW_chr18
Processed ASW_chr18 in 187 secondsFormatted filename: ASW_chr19
Processed ASW_chr19 in 144 secondsFormatted filename: ASW_chr1
Processed ASW_chr1 in 335 secondsFormatted filename: ASW_chr20
Processed ASW_chr20 in 165 secondsFormatted filename: ASW_chr21
Processed ASW_chr21 in 122 secondsFormatted filename: ASW_chr22
Processed ASW_chr22 in 116 secondsFormatted filename: ASW_chr2
Processed ASW_chr2 in 360 secondsFormatted filename: ASW_chr3
Processed ASW_chr3 in 345 secondsFormatted filename: ASW_chr4
Processed ASW_chr4 in 299 secondsFormatted filename: ASW_chr5
Processed ASW_chr5 in 283 secondsFormatted filename: ASW_chr6
Processed ASW_chr6 in 87 seconds
Processed ASW_chr7 in 289 seconds
Processed ASW_chr8 in 65 seconds
Processed ASW_chr9 in 151 seconds
Processed ESN_chr10 in 315 seconds
Processed ESN_chr11 in 289 seconds
Processed ESN_chr12 in 257 seconds
Processed ESN_chr13 in 179 seconds
Processed ESN_chr14 in 216 seconds
Processed ESN_chr15 in 172 seconds
Processed ESN_chr16 in 239 seconds
Processed ESN_chr17 in 165 seconds
Processed ESN_chr18 in 171 seconds
Processed ESN_chr19 in 128 seconds
Processed ESN_chr1 in 288 seconds
Processed ESN_chr20 in 139 seconds
Processed ESN_chr21 in 104 seconds
Processed ESN_chr22 in 100 seconds
Processed ESN_chr2 in 350 seconds
Processed ESN_chr3 in 401 seconds
Processed ESN_chr4 in 306 seconds
Processed ESN_chr5 in 305 seconds
Processed ESN_chr6 in 283 seconds
Processed ESN_chr7 in 313 seconds
Processed ESN_chr8 in 78 seconds
Processed ESN_chr9 in 175 seconds
Processed GWD_chr10 in 306 seconds
Processed GWD_chr11 in 265 seconds
Processed GWD_chr12 in 226 seconds
Processed GWD_chr13 in 158 seconds
Processed GWD_chr14 in 223 seconds
Processed GWD_chr15 in 189 seconds
Processed GWD_chr16 in 238 seconds
Processed GWD_chr17 in 166 seconds
Processed GWD_chr18 in 161 seconds
Processed GWD_chr19 in 126 seconds
Processed GWD_chr1 in 307 seconds
Processed GWD_chr20 in 133 seconds
Processed GWD_chr21 in 109 seconds
Processed GWD_chr22 in 105 seconds
Processed GWD_chr2 in 348 seconds
Processed GWD_chr3 in 364 seconds
Processed GWD_chr4 in 294 seconds
Processed GWD_chr5 in 274 seconds
Processed GWD_chr6 in 274 seconds
Processed GWD_chr7 in 367 seconds
Processed GWD_chr8 in 80 seconds
Processed GWD_chr9 in 201 seconds
Processed LWK_chr10 in 321 seconds
Processed LWK_chr11 in 270 seconds
Processed LWK_chr12 in 240 seconds
Processed LWK_chr13 in 177 seconds
Processed LWK_chr14 in 231 seconds
Processed LWK_chr15 in 197 seconds
Processed LWK_chr16 in 270 seconds
Processed LWK_chr17 in 333 seconds
Processed LWK_chr18 in 335 seconds
Processed LWK_chr19 in 286 seconds
Processed LWK_chr1 in 619 seconds
Processed LWK_chr20 in 217 seconds
Processed LWK_chr21 in 170 seconds
Processed LWK_chr22 in 126 seconds
Processed LWK_chr2 in 394 seconds
Processed ESN_chr10 in 12 seconds
Processed ESN_chr11 in 2 seconds
Processed ESN_chr12 in 3 seconds
Processed ESN_chr13 in 1 seconds
Processed ESN_chr14 in 2 seconds
Processed LWK_chr3 in 471 seconds
Processed LWK_chr4 in 366 seconds
Processed LWK_chr5 in 333 seconds
Processed LWK_chr6 in 329 seconds
Processed LWK_chr7 in 365 seconds
Processed LWK_chr8 in 81 seconds
Processed LWK_chr9 in 179 seconds
Processed MSL_chr10 in 306 seconds
Processed MSL_chr11 in 302 seconds
Processed MSL_chr12 in 268 seconds
Processed MSL_chr13 in 198 seconds
Processed MSL_chr14 in 205 seconds
Processed MSL_chr15 in 195 seconds
Processed MSL_chr16 in 255 seconds
Processed MSL_chr17 in 219 seconds
Processed MSL_chr18 in 198 seconds
Processed MSL_chr19 in 145 seconds
Processed MSL_chr1 in 341 seconds
Processed MSL_chr20 in 135 seconds
Processed MSL_chr21 in 106 seconds
Processed MSL_chr22 in 102 seconds
Processed MSL_chr2 in 375 seconds
Processed MSL_chr3 in 359 seconds
Processed MSL_chr4 in 294 seconds
Processed MSL_chr5 in 272 seconds
Processed MSL_chr6 in 273 seconds
Processed MSL_chr7 in 303 seconds
Processed MSL_chr8 in 68 seconds
Processed MSL_chr9 in 161 seconds
Processed YRI_chr10 in 286 seconds
Processed YRI_chr11 in 242 seconds
Processed YRI_chr12 in 242 seconds
Processed YRI_chr13 in 165 seconds
Processed YRI_chr14 in 190 seconds
Processed YRI_chr15 in 179 seconds
Processed YRI_chr16 in 221 seconds
Processed YRI_chr17 in 170 seconds
Processed YRI_chr18 in 157 seconds
Processed YRI_chr19 in 131 seconds
Processed YRI_chr1 in 304 seconds
Processed YRI_chr20 in 137 seconds
Processed YRI_chr21 in 108 seconds
Processed YRI_chr22 in 108 seconds
Processed YRI_chr2 in 367 seconds
Processed YRI_chr3 in 493 seconds
Processed YRI_chr4 in 368 seconds
Processed YRI_chr5 in 340 seconds
Processed YRI_chr6 in 339 seconds
Processed YRI_chr7 in 366 seconds
Processed YRI_chr8 in 76 seconds
Processed YRI_chr9 in 188 seconds
